2014/05/24 17:18:51 [error] [exception.CException] exception 'CException' with message 'CAssetManager.basePath "/home/miguelob/public_html/messages.joincic.com.ve/assets" is invalid. Please make sure the directory exists and is writable by the Web server process.' in /home/miguelob/public_html/messages.joincic.com.ve/framework/web/CAssetManager.php:138
Stack trace:
#0 /home/miguelob/public_html/messages.joincic.com.ve/framework/web/CAssetManager.php(123): CAssetManager->setBasePath('/home/miguelob/...')
#1 /home/miguelob/public_html/messages.joincic.com.ve/framework/web/CAssetManager.php(217): CAssetManager->getBasePath()
#2 /home/miguelob/public_html/messages.joincic.com.ve/framework/gii/GiiModule.php(143): CAssetManager->publish('/home/miguelob/...')
#3 /home/miguelob/public_html/messages.joincic.com.ve/framework/base/CComponent.php(111): GiiModule->getAssetsUrl()
#4 /home/miguelob/public_html/messages.joincic.com.ve/framework/base/CModule.php(105): CComponent->__get('assetsUrl')
#5 /home/miguelob/public_html/messages.joincic.com.ve/framework/gii/views/layouts/main.php(5): CModule->__get('assetsUrl')
#6 /home/miguelob/public_html/messages.joincic.com.ve/framework/web/CBaseController.php(126): require('/home/miguelob/...')
#7 /home/miguelob/public_html/messages.joincic.com.ve/framework/web/CBaseController.php(95): CBaseController->renderInternal('/home/miguelob/...', Array, true)
#8 /home/miguelob/public_html/messages.joincic.com.ve/framework/web/widgets/CContentDecorator.php(76): CBaseController->renderFile('/home/miguelob/...', Array, true)
#9 /home/miguelob/public_html/messages.joincic.com.ve/framework/web/widgets/CContentDecorator.php(54): CContentDecorator->decorate('<div class="con...')
#10 /home/miguelob/public_html/messages.joincic.com.ve/framework/web/widgets/COutputProcessor.php(44): CContentDecorator->processOutput('<div class="con...')
#11 /home/miguelob/public_html/messages.joincic.com.ve/framework/web/CBaseController.php(206): COutputProcessor->run()
#12 /home/miguelob/public_html/messages.joincic.com.ve/framework/web/CBaseController.php(300): CBaseController->endWidget('CContentDecorat...')
#13 /home/miguelob/public_html/messages.joincic.com.ve/framework/gii/views/layouts/column1.php(7): CBaseController->endContent()
#14 /home/miguelob/public_html/messages.joincic.com.ve/framework/web/CBaseController.php(126): require('/home/miguelob/...')
#15 /home/miguelob/public_html/messages.joincic.com.ve/framework/web/CBaseController.php(95): CBaseController->renderInternal('/home/miguelob/...', Array, true)
#16 /home/miguelob/public_html/messages.joincic.com.ve/framework/web/CController.php(784): CBaseController->renderFile('/home/miguelob/...', Array, true)
#17 /home/miguelob/public_html/messages.joincic.com.ve/framework/gii/controllers/DefaultController.php(47): CController->render('login', Array)
#18 /home/miguelob/public_html/messages.joincic.com.ve/framework/web/actions/CInlineAction.php(49): DefaultController->actionLogin()
#19 /home/miguelob/public_html/messages.joincic.com.ve/framework/web/CController.php(308): CInlineAction->runWithParams(Array)
#20 /home/miguelob/public_html/messages.joincic.com.ve/framework/web/CController.php(286): CController->runAction(Object(CInlineAction))
#21 /home/miguelob/public_html/messages.joincic.com.ve/framework/web/CController.php(265): CController->runActionWithFilters(Object(CInlineAction), Array)
#22 /home/miguelob/public_html/messages.joincic.com.ve/framework/web/CWebApplication.php(282): CController->run('login')
#23 /home/miguelob/public_html/messages.joincic.com.ve/framework/web/CWebApplication.php(141): CWebApplication->runController('gii/default/log...')
#24 /home/miguelob/public_html/messages.joincic.com.ve/framework/base/CApplication.php(180): CWebApplication->processRequest()
#25 /home/miguelob/public_html/messages.joincic.com.ve/index.php(13): CApplication->run()
#26 {main}
REQUEST_URI=/index.php/gii/default/login
---
